[[[自动注册扩展缓存完成]]]
[2019/10/21 13:23:38.5509]
[线程：1]
注册总用时：1.9944ms
自动扫描程序集：0个
扩展缓存：

[[[微信扩展缓存注册完成]]]
[2019/10/21 13:23:38.5579]
[线程：1]
微信扩展缓存注册总用时：1.0026ms
扩展缓存：Senparc.Weixin.Cache.LocalContainerCacheStrategy

[[[自动注册扩展缓存完成]]]
[2019/10/21 13:24:47.6880]
[线程：1]
注册总用时：2.9918ms
自动扫描程序集：0个
扩展缓存：

[[[微信扩展缓存注册完成]]]
[2019/10/21 13:24:47.7069]
[线程：1]
微信扩展缓存注册总用时：0.9971ms
扩展缓存：Senparc.Weixin.Cache.LocalContainerCacheStrategy

[[[自动注册扩展缓存完成]]]
[2019/10/21 13:25:12.5121]
[线程：1]
注册总用时：2.9918ms
自动扫描程序集：0个
扩展缓存：

[[[微信扩展缓存注册完成]]]
[2019/10/21 13:25:12.5311]
[线程：1]
微信扩展缓存注册总用时：0.0000ms
扩展缓存：Senparc.Weixin.Cache.LocalContainerCacheStrategy

[[[自动注册扩展缓存完成]]]
[2019/10/21 13:26:23.1812]
[线程：1]
注册总用时：1.9955ms
自动扫描程序集：0个
扩展缓存：

[[[微信扩展缓存注册完成]]]
[2019/10/21 13:26:23.1882]
[线程：1]
微信扩展缓存注册总用时：0.0000ms
扩展缓存：Senparc.Weixin.Cache.LocalContainerCacheStrategy

[[[自动注册扩展缓存完成]]]
[2019/10/21 13:30:34.6384]
[线程：1]
注册总用时：1.9965ms
自动扫描程序集：0个
扩展缓存：

[[[微信扩展缓存注册完成]]]
[2019/10/21 13:30:34.6574]
[线程：1]
微信扩展缓存注册总用时：0.9964ms
扩展缓存：Senparc.Weixin.Cache.LocalContainerCacheStrategy

[[[自动注册扩展缓存完成]]]
[2019/10/21 15:38:47.7557]
[线程：1]
注册总用时：1.9635ms
自动扫描程序集：0个
扩展缓存：

[[[微信扩展缓存注册完成]]]
[2019/10/21 15:38:47.7617]
[线程：1]
微信扩展缓存注册总用时：0.0000ms
扩展缓存：Senparc.Weixin.Cache.LocalContainerCacheStrategy

[[[自动注册扩展缓存完成]]]
[2019/10/21 15:44:33.4159]
[线程：1]
注册总用时：1.0021ms
自动扫描程序集：0个
扩展缓存：

[[[微信扩展缓存注册完成]]]
[2019/10/21 15:44:33.4219]
[线程：1]
微信扩展缓存注册总用时：0.9975ms
扩展缓存：Senparc.Weixin.Cache.LocalContainerCacheStrategy

