[[[自动注册扩展缓存完成]]]
[2020/01/10 12:52:15.6789]
[线程：1]
注册总用时：2.0214ms
自动扫描程序集：0个
扩展缓存：

[[[微信扩展缓存注册完成]]]
[2020/01/10 12:52:15.6849]
[线程：1]
微信扩展缓存注册总用时：0.0000ms
扩展缓存：Senparc.Weixin.Cache.LocalContainerCacheStrategy

[[[自动注册扩展缓存完成]]]
[2020/01/10 12:53:16.5349]
[线程：1]
注册总用时：0.9975ms
自动扫描程序集：0个
扩展缓存：

[[[微信扩展缓存注册完成]]]
[2020/01/10 12:53:16.5418]
[线程：1]
微信扩展缓存注册总用时：0.9992ms
扩展缓存：Senparc.Weixin.Cache.LocalContainerCacheStrategy

[[[自动注册扩展缓存完成]]]
[2020/01/10 12:53:44.6901]
[线程：1]
注册总用时：0.9976ms
自动扫描程序集：0个
扩展缓存：

[[[微信扩展缓存注册完成]]]
[2020/01/10 12:53:44.7070]
[线程：1]
微信扩展缓存注册总用时：0.0000ms
扩展缓存：Senparc.Weixin.Cache.LocalContainerCacheStrategy

[[[自动注册扩展缓存完成]]]
[2020/01/10 12:54:30.1915]
[线程：1]
注册总用时：0.9976ms
自动扫描程序集：0个
扩展缓存：

[[[微信扩展缓存注册完成]]]
[2020/01/10 12:54:30.2085]
[线程：1]
微信扩展缓存注册总用时：0.0000ms
扩展缓存：Senparc.Weixin.Cache.LocalContainerCacheStrategy

[[[自动注册扩展缓存完成]]]
[2020/01/10 14:52:21.6555]
[线程：1]
注册总用时：1.0254ms
自动扫描程序集：0个
扩展缓存：

[[[微信扩展缓存注册完成]]]
[2020/01/10 14:52:21.6615]
[线程：1]
微信扩展缓存注册总用时：0.0000ms
扩展缓存：Senparc.Weixin.Cache.LocalContainerCacheStrategy

[[[自动注册扩展缓存完成]]]
[2020/01/10 14:56:52.0421]
[线程：1]
注册总用时：0.9918ms
自动扫描程序集：0个
扩展缓存：

[[[微信扩展缓存注册完成]]]
[2020/01/10 14:56:52.0501]
[线程：1]
微信扩展缓存注册总用时：0.9993ms
扩展缓存：Senparc.Weixin.Cache.LocalContainerCacheStrategy

