[[[自动注册扩展缓存完成]]]
[2019/12/24 10:27:51.8291]
[线程：1]
注册总用时：0.9969ms
自动扫描程序集：0个
扩展缓存：

[[[微信扩展缓存注册完成]]]
[2019/12/24 10:27:51.8360]
[线程：1]
微信扩展缓存注册总用时：0.0000ms
扩展缓存：Senparc.Weixin.Cache.LocalContainerCacheStrategy

[[[自动注册扩展缓存完成]]]
[2019/12/24 10:29:42.2332]
[线程：21]
注册总用时：0.9962ms
自动扫描程序集：0个
扩展缓存：

[[[微信扩展缓存注册完成]]]
[2019/12/24 10:29:42.2422]
[线程：21]
微信扩展缓存注册总用时：0.0000ms
扩展缓存：Senparc.Weixin.Cache.LocalContainerCacheStrategy

[[[自动注册扩展缓存完成]]]
[2019/12/24 10:33:48.0051]
[线程：35]
注册总用时：0.995ms
自动扫描程序集：0个
扩展缓存：

[[[微信扩展缓存注册完成]]]
[2019/12/24 10:33:48.0121]
[线程：35]
微信扩展缓存注册总用时：0.9975ms
扩展缓存：Senparc.Weixin.Cache.LocalContainerCacheStrategy

[[[自动注册扩展缓存完成]]]
[2019/12/24 10:42:13.8055]
[线程：61]
注册总用时：1.9947ms
自动扫描程序集：0个
扩展缓存：

[[[微信扩展缓存注册完成]]]
[2019/12/24 10:42:13.8125]
[线程：61]
微信扩展缓存注册总用时：0.9973ms
扩展缓存：Senparc.Weixin.Cache.LocalContainerCacheStrategy

[[[自动注册扩展缓存完成]]]
[2019/12/24 14:22:05.3427]
[线程：1]
注册总用时：0.9971ms
自动扫描程序集：0个
扩展缓存：

[[[微信扩展缓存注册完成]]]
[2019/12/24 14:22:05.3487]
[线程：1]
微信扩展缓存注册总用时：0.0000ms
扩展缓存：Senparc.Weixin.Cache.LocalContainerCacheStrategy

[[[自动注册扩展缓存完成]]]
[2019/12/24 15:17:43.8699]
[线程：64]
注册总用时：1.0269ms
自动扫描程序集：0个
扩展缓存：

[[[微信扩展缓存注册完成]]]
[2019/12/24 15:17:43.8819]
[线程：64]
微信扩展缓存注册总用时：0.0000ms
扩展缓存：Senparc.Weixin.Cache.LocalContainerCacheStrategy

